d:\dropbox\2. hbo - informatica\leerjaar 4\cpp\cpp1-assessment\src\x64\debug\kerkers.pch
d:\dropbox\2. hbo - informatica\leerjaar 4\cpp\cpp1-assessment\src\x64\debug\vc141.pdb
d:\dropbox\2. hbo - informatica\leerjaar 4\cpp\cpp1-assessment\src\x64\debug\vc141.idb
d:\dropbox\2. hbo - informatica\leerjaar 4\cpp\cpp1-assessment\src\x64\debug\pch.obj
d:\dropbox\2. hbo - informatica\leerjaar 4\cpp\cpp1-assessment\src\x64\debug\upstaircaseroom.obj
d:\dropbox\2. hbo - informatica\leerjaar 4\cpp\cpp1-assessment\src\x64\debug\exitcommand.obj
d:\dropbox\2. hbo - informatica\leerjaar 4\cpp\cpp1-assessment\src\x64\debug\showmapcommand.obj
d:\dropbox\2. hbo - informatica\leerjaar 4\cpp\cpp1-assessment\src\x64\debug\showcommandscommand.obj
d:\dropbox\2. hbo - informatica\leerjaar 4\cpp\cpp1-assessment\src\x64\debug\normalroom.obj
d:\dropbox\2. hbo - informatica\leerjaar 4\cpp\cpp1-assessment\src\x64\debug\randomgenerator.obj
d:\dropbox\2. hbo - informatica\leerjaar 4\cpp\cpp1-assessment\src\x64\debug\output.obj
d:\dropbox\2. hbo - informatica\leerjaar 4\cpp\cpp1-assessment\src\x64\debug\nullcommand.obj
d:\dropbox\2. hbo - informatica\leerjaar 4\cpp\cpp1-assessment\src\x64\debug\kerkers.obj
d:\dropbox\2. hbo - informatica\leerjaar 4\cpp\cpp1-assessment\src\x64\debug\input.obj
d:\dropbox\2. hbo - informatica\leerjaar 4\cpp\cpp1-assessment\src\x64\debug\icommand.obj
d:\dropbox\2. hbo - informatica\leerjaar 4\cpp\cpp1-assessment\src\x64\debug\game.obj
d:\dropbox\2. hbo - informatica\leerjaar 4\cpp\cpp1-assessment\src\x64\debug\endbossroom.obj
d:\dropbox\2. hbo - informatica\leerjaar 4\cpp\cpp1-assessment\src\x64\debug\dungeonbuilder.obj
d:\dropbox\2. hbo - informatica\leerjaar 4\cpp\cpp1-assessment\src\x64\debug\dungeon.obj
d:\dropbox\2. hbo - informatica\leerjaar 4\cpp\cpp1-assessment\src\x64\debug\downstaircaseroom.obj
d:\dropbox\2. hbo - informatica\leerjaar 4\cpp\cpp1-assessment\src\x64\debug\commandfactory.obj
d:\dropbox\2. hbo - informatica\leerjaar 4\cpp\cpp1-assessment\src\x64\debug\chararraycomparator.obj
d:\dropbox\2. hbo - informatica\leerjaar 4\cpp\cpp1-assessment\src\x64\debug\basestaircaseroom.obj
d:\dropbox\2. hbo - informatica\leerjaar 4\cpp\cpp1-assessment\src\x64\debug\baseroom.obj
d:\dropbox\2. hbo - informatica\leerjaar 4\cpp\cpp1-assessment\src\x64\debug\kerkers.exe
d:\dropbox\2. hbo - informatica\leerjaar 4\cpp\cpp1-assessment\src\x64\debug\kerkers.tlog\cl.command.1.tlog
d:\dropbox\2. hbo - informatica\leerjaar 4\cpp\cpp1-assessment\src\x64\debug\kerkers.tlog\cl.read.1.tlog
d:\dropbox\2. hbo - informatica\leerjaar 4\cpp\cpp1-assessment\src\x64\debug\kerkers.tlog\cl.write.1.tlog
d:\dropbox\2. hbo - informatica\leerjaar 4\cpp\cpp1-assessment\src\x64\debug\kerkers.tlog\link.command.1.tlog
d:\dropbox\2. hbo - informatica\leerjaar 4\cpp\cpp1-assessment\src\x64\debug\kerkers.tlog\link.read.1.tlog
d:\dropbox\2. hbo - informatica\leerjaar 4\cpp\cpp1-assessment\src\x64\debug\kerkers.tlog\link.write.1.tlog
